  [1m[35m (438.9ms)[0m  [1m[35mCREATE DATABASE "goal_app_development" ENCODING = 'unicode'[0m
  ↳ bin/rails:9
  [1m[35m (253.6ms)[0m  [1m[35mCREATE DATABASE "goal_app_test" ENCODING = 'unicode'[0m
  ↳ bin/rails:9
  [1m[35m (125.9ms)[0m  [1m[35mCREATE TABLE "schema_migrations" ("version" character varying NOT NULL PRIMARY KEY)[0m
  ↳ bin/rails:9
  [1m[35m (4.8ms)[0m  [1m[35mCREATE TABLE "ar_internal_metadata" ("key" character varying NOT NULL PRIMARY KEY, "value" character varying, "created_at" timestamp NOT NULL, "updated_at" timestamp NOT NULL)[0m
  ↳ bin/rails:9
  [1m[35m (32.4ms)[0m  [1m[34mSELECT pg_try_advisory_lock(540613454722062960)[0m
  ↳ bin/rails:9
  [1m[35m (1.6ms)[0m  [1m[34mSELECT "schema_migrations"."version" FROM "schema_migrations" ORDER BY "schema_migrations"."version" ASC[0m
  ↳ bin/rails:9
Migrating to CreateUsers (20180914181413)
  [1m[35m (0.3ms)[0m  [1m[35mBEGIN[0m
  ↳ bin/rails:9
  [1m[35m (50.9ms)[0m  [1m[35mCREATE TABLE "users" ("id" bigserial primary key, "username" character varying NOT NULL, "remaining_cheers" integer NOT NULL, "password_digest" character varying NOT NULL, "session_token" character varying NOT NULL, "created_at" timestamp NOT NULL, "updated_at" timestamp NOT NULL)[0m
  ↳ db/migrate/20180914181413_create_users.rb:3
  [1m[35m (1.3ms)[0m  [1m[35mCREATE UNIQUE INDEX  "index_users_on_username" ON "users"  ("username")[0m
  ↳ db/migrate/20180914181413_create_users.rb:10
  [1m[35m (1.7ms)[0m  [1m[35mCREATE UNIQUE INDEX  "index_users_on_session_token" ON "users"  ("session_token")[0m
  ↳ db/migrate/20180914181413_create_users.rb:11
  [1m[36mActiveRecord::SchemaMigration Create (0.9ms)[0m  [1m[32mINSERT INTO "schema_migrations" ("version") VALUES ($1) RETURNING "version"[0m  [["version", "20180914181413"]]
  ↳ bin/rails:9
  [1m[35m (0.8ms)[0m  [1m[35mCOMMIT[0m
  ↳ bin/rails:9
  [1m[36mActiveRecord::InternalMetadata Load (18.8ms)[0m  [1m[34mSELECT  "ar_internal_metadata".* FROM "ar_internal_metadata" WHERE "ar_internal_metadata"."key" = $1 LIMIT $2[0m  [["key", "environment"], ["LIMIT", 1]]
  ↳ bin/rails:9
  [1m[35m (0.2ms)[0m  [1m[35mBEGIN[0m
  ↳ bin/rails:9
  [1m[36mActiveRecord::InternalMetadata Create (0.6ms)[0m  [1m[32mINSERT INTO "ar_internal_metadata" ("key", "value", "created_at", "updated_at") VALUES ($1, $2, $3, $4) RETURNING "key"[0m  [["key", "environment"], ["value", "development"], ["created_at", "2018-09-14 18:32:33.486948"], ["updated_at", "2018-09-14 18:32:33.486948"]]
  ↳ bin/rails:9
  [1m[35m (0.4ms)[0m  [1m[35mCOMMIT[0m
  ↳ bin/rails:9
  [1m[35m (0.9ms)[0m  [1m[34mSELECT pg_advisory_unlock(540613454722062960)[0m
  ↳ bin/rails:9
  [1m[35m (0.8ms)[0m  [1m[34mSELECT "schema_migrations"."version" FROM "schema_migrations" ORDER BY "schema_migrations"."version" ASC[0m
  ↳ bin/rails:9
  [1m[35m (1.1ms)[0m  [1m[34mSELECT "schema_migrations"."version" FROM "schema_migrations" ORDER BY "schema_migrations"."version" ASC[0m
  ↳ /usr/local/var/rbenv/versions/2.5.0/bin/annotate:23
DEPRECATION WARNING: Static attributes will be removed in FactoryBot 5.0. Please use dynamic
attributes instead by wrapping the attribute value in a block:

username { "john" }

To automatically update from static attributes to dynamic ones,
install rubocop-rspec and run:

rubocop \
  --require rubocop-rspec \
  --only FactoryBot/AttributeDefinedStatically \
  --auto-correct

 (called from block (2 levels) in <main> at /Users/appacademy/Desktop/w4d5/goal_app/spec/factories/users.rb:16)
DEPRECATION WARNING: Static attributes will be removed in FactoryBot 5.0. Please use dynamic
attributes instead by wrapping the attribute value in a block:

remaining_cheers { 12 }

To automatically update from static attributes to dynamic ones,
install rubocop-rspec and run:

rubocop \
  --require rubocop-rspec \
  --only FactoryBot/AttributeDefinedStatically \
  --auto-correct

 (called from block (2 levels) in <main> at /Users/appacademy/Desktop/w4d5/goal_app/spec/factories/users.rb:17)
DEPRECATION WARNING: Static attributes will be removed in FactoryBot 5.0. Please use dynamic
attributes instead by wrapping the attribute value in a block:

username { "john" }

To automatically update from static attributes to dynamic ones,
install rubocop-rspec and run:

rubocop \
  --require rubocop-rspec \
  --only FactoryBot/AttributeDefinedStatically \
  --auto-correct

 (called from block (2 levels) in <main> at /Users/appacademy/Desktop/w4d5/goal_app/spec/factories/users.rb:16)
DEPRECATION WARNING: Static attributes will be removed in FactoryBot 5.0. Please use dynamic
attributes instead by wrapping the attribute value in a block:

remaining_cheers { 12 }

To automatically update from static attributes to dynamic ones,
install rubocop-rspec and run:

rubocop \
  --require rubocop-rspec \
  --only FactoryBot/AttributeDefinedStatically \
  --auto-correct

 (called from block (2 levels) in <main> at /Users/appacademy/Desktop/w4d5/goal_app/spec/factories/users.rb:17)
DEPRECATION WARNING: Static attributes will be removed in FactoryBot 5.0. Please use dynamic
attributes instead by wrapping the attribute value in a block:

session_token { "abc123" }

To automatically update from static attributes to dynamic ones,
install rubocop-rspec and run:

rubocop \
  --require rubocop-rspec \
  --only FactoryBot/AttributeDefinedStatically \
  --auto-correct

 (called from block (2 levels) in <main> at /Users/appacademy/Desktop/w4d5/goal_app/spec/factories/users.rb:18)
DEPRECATION WARNING: Static attributes will be removed in FactoryBot 5.0. Please use dynamic
attributes instead by wrapping the attribute value in a block:

username { "john" }

To automatically update from static attributes to dynamic ones,
install rubocop-rspec and run:

rubocop \
  --require rubocop-rspec \
  --only FactoryBot/AttributeDefinedStatically \
  --auto-correct

 (called from block (2 levels) in <main> at /Users/appacademy/Desktop/w4d5/goal_app/spec/factories/users.rb:16)
DEPRECATION WARNING: Static attributes will be removed in FactoryBot 5.0. Please use dynamic
attributes instead by wrapping the attribute value in a block:

remaining_cheers { 12 }

To automatically update from static attributes to dynamic ones,
install rubocop-rspec and run:

rubocop \
  --require rubocop-rspec \
  --only FactoryBot/AttributeDefinedStatically \
  --auto-correct

 (called from block (2 levels) in <main> at /Users/appacademy/Desktop/w4d5/goal_app/spec/factories/users.rb:17)
DEPRECATION WARNING: Static attributes will be removed in FactoryBot 5.0. Please use dynamic
attributes instead by wrapping the attribute value in a block:

session_token { "abc123" }

To automatically update from static attributes to dynamic ones,
install rubocop-rspec and run:

rubocop \
  --require rubocop-rspec \
  --only FactoryBot/AttributeDefinedStatically \
  --auto-correct

 (called from block (2 levels) in <main> at /Users/appacademy/Desktop/w4d5/goal_app/spec/factories/users.rb:18)
